<?xml version="1.0" encoding="UTF-8"?>
<robot generator="Robot 3.2.2 (Python 3.8.5 on win32)" generated="20201020 23:48:29.522" rpa="false">
<suite id="s1" name="TestSitePractice" source="C:\tools\Student-Python\robot-test\teste-qa-ecommerce\TestSiteSuitePractice\tests\TestSitePractice.robot">
<test id="s1-t1" name="Caso de Teste 04 - Adicionar produtos no carrinho">
<kw name="Abrir navegador" library="Resource" type="setup">
<kw name="Open Browser" library="SeleniumLibrary">
<doc>Opens a new browser instance to the optional ``url``.</doc>
<arguments>
<arg>about:blank</arg>
<arg>${BROWSER}</arg>
</arguments>
<msg timestamp="20201020 23:48:30.006" level="INFO">Opening browser 'chrome' to base url 'about:blank'.</msg>
<status status="PASS" starttime="20201020 23:48:30.005" endtime="20201020 23:48:36.913"></status>
</kw>
<status status="PASS" starttime="20201020 23:48:30.005" endtime="20201020 23:48:36.913"></status>
</kw>
<kw name="Acessar a página home do site" library="Resource">
<kw name="Go To" library="SeleniumLibrary">
<doc>Navigates the current browser window to the provided ``url``.</doc>
<arguments>
<arg>${URL}</arg>
</arguments>
<msg timestamp="20201020 23:48:36.915" level="INFO">Opening url 'http://automationpractice.com/'</msg>
<status status="PASS" starttime="20201020 23:48:36.915" endtime="20201020 23:48:43.297"></status>
</kw>
<kw name="Title Should Be" library="SeleniumLibrary">
<doc>Verifies that the current page title equals ``title``.</doc>
<arguments>
<arg>My Store</arg>
</arguments>
<msg timestamp="20201020 23:48:43.305" level="INFO">Page title is 'My Store'.</msg>
<status status="PASS" starttime="20201020 23:48:43.298" endtime="20201020 23:48:43.305"></status>
</kw>
<status status="PASS" starttime="20201020 23:48:36.914" endtime="20201020 23:48:43.305"></status>
</kw>
<kw name="Digitar o produto &quot;t-shirt&quot; no campo de pesquisa" library="Resource">
<kw name="Input Text" library="SeleniumLibrary">
<doc>Types the given ``text`` into the text field identified by ``locator``.</doc>
<arguments>
<arg>css:#search_query_top</arg>
<arg>${T_PRODUTO}</arg>
</arguments>
<msg timestamp="20201020 23:48:43.307" level="INFO">Typing text 't-shirt' into text field 'css:#search_query_top'.</msg>
<status status="PASS" starttime="20201020 23:48:43.306" endtime="20201020 23:48:43.591"></status>
</kw>
<status status="PASS" starttime="20201020 23:48:43.306" endtime="20201020 23:48:43.591"></status>
</kw>
<kw name="Clicar no botão pesquisar" library="Resource">
<kw name="Click Element" library="SeleniumLibrary">
<doc>Click the element identified by ``locator``.</doc>
<arguments>
<arg>css:#searchbox &gt; button</arg>
</arguments>
<msg timestamp="20201020 23:48:43.595" level="INFO">Clicking element 'css:#searchbox &gt; button'.</msg>
<status status="PASS" starttime="20201020 23:48:43.593" endtime="20201020 23:48:43.716"></status>
</kw>
<status status="PASS" starttime="20201020 23:48:43.592" endtime="20201020 23:48:43.716"></status>
</kw>
<kw name="A página com os produtos da categoria selecionada deve ser exibida" library="Resource">
<kw name="Wait Until Element Is Visible" library="SeleniumLibrary">
<doc>Waits until the element ``locator`` is visible.</doc>
<arguments>
<arg>css:#columns</arg>
</arguments>
<status status="PASS" starttime="20201020 23:48:43.727" endtime="20201020 23:48:45.794"></status>
</kw>
<kw name="Page Should Contain Image" library="SeleniumLibrary">
<doc>Verifies image identified by ``locator`` is found from current page.</doc>
<arguments>
<arg>Xpath://*[@id="center_column"]/ul/li/div/div[1]/div/a[1]/img</arg>
</arguments>
<msg timestamp="20201020 23:48:45.824" level="INFO">Current page contains image 'Xpath://*[@id="center_column"]/ul/li/div/div[1]/div/a[1]/img'.</msg>
<status status="PASS" starttime="20201020 23:48:45.795" endtime="20201020 23:48:45.824"></status>
</kw>
<kw name="Page Should Contain Link" library="SeleniumLibrary">
<doc>Verifies link identified by ``locator`` is found from current page.</doc>
<arguments>
<arg>Xpath://*[@id="center_column"]/ul/li/div/div[2]/h5/a</arg>
</arguments>
<msg timestamp="20201020 23:48:45.849" level="INFO">Current page contains link 'Xpath://*[@id="center_column"]/ul/li/div/div[2]/h5/a'.</msg>
<status status="PASS" starttime="20201020 23:48:45.824" endtime="20201020 23:48:45.849"></status>
</kw>
<status status="PASS" starttime="20201020 23:48:43.726" endtime="20201020 23:48:45.850"></status>
</kw>
<kw name="Clicar no botão &quot;Add to cart&quot; do produto" library="Resource">
<kw name="Click Element" library="SeleniumLibrary">
<doc>Click the element identified by ``locator``.</doc>
<arguments>
<arg>css:#center_column &gt; ul &gt; li &gt; div &gt; div.right-block &gt; div.button-container &gt; a.button.ajax_add_to_cart_button.btn.btn-default &gt; span</arg>
</arguments>
<msg timestamp="20201020 23:48:45.851" level="INFO">Clicking element 'css:#center_column &gt; ul &gt; li &gt; div &gt; div.right-block &gt; div.button-container &gt; a.button.ajax_add_to_cart_button.btn.btn-default &gt; span'.</msg>
<status status="PASS" starttime="20201020 23:48:45.851" endtime="20201020 23:48:46.004"></status>
</kw>
<status status="PASS" starttime="20201020 23:48:45.850" endtime="20201020 23:48:46.005"></status>
</kw>
<kw name="Uma tela de confirmação deve ser exibida" library="Resource">
<kw name="Wait Until Element Is Visible" library="SeleniumLibrary">
<doc>Waits until the element ``locator`` is visible.</doc>
<arguments>
<arg>css:#layer_cart &gt; div.clearfix</arg>
</arguments>
<status status="PASS" starttime="20201020 23:48:46.008" endtime="20201020 23:48:47.056"></status>
</kw>
<status status="PASS" starttime="20201020 23:48:46.005" endtime="20201020 23:48:47.057"></status>
</kw>
<kw name="Clicar no botão &quot;Proceed to checkout&quot;" library="Resource">
<kw name="Click Element" library="SeleniumLibrary">
<doc>Click the element identified by ``locator``.</doc>
<arguments>
<arg>css:#layer_cart div.button-container &gt; a</arg>
</arguments>
<msg timestamp="20201020 23:48:47.058" level="INFO">Clicking element 'css:#layer_cart div.button-container &gt; a'.</msg>
<status status="PASS" starttime="20201020 23:48:47.058" endtime="20201020 23:48:48.842"></status>
</kw>
<status status="PASS" starttime="20201020 23:48:47.057" endtime="20201020 23:48:48.842"></status>
</kw>
<kw name="A tela do carrinho de compras deve ser exibido, junto com os dados do produto e valores" library="Resource">
<kw name="Wait Until Element Is Visible" library="SeleniumLibrary">
<doc>Waits until the element ``locator`` is visible.</doc>
<arguments>
<arg>css:div.columns-container</arg>
</arguments>
<status status="PASS" starttime="20201020 23:48:48.844" endtime="20201020 23:48:48.889"></status>
</kw>
<status status="PASS" starttime="20201020 23:48:48.843" endtime="20201020 23:48:48.890"></status>
</kw>
<kw name="Acessar a página home do site" library="Resource">
<kw name="Go To" library="SeleniumLibrary">
<doc>Navigates the current browser window to the provided ``url``.</doc>
<arguments>
<arg>${URL}</arg>
</arguments>
<msg timestamp="20201020 23:48:48.892" level="INFO">Opening url 'http://automationpractice.com/'</msg>
<status status="PASS" starttime="20201020 23:48:48.892" endtime="20201020 23:48:50.653"></status>
</kw>
<kw name="Title Should Be" library="SeleniumLibrary">
<doc>Verifies that the current page title equals ``title``.</doc>
<arguments>
<arg>My Store</arg>
</arguments>
<msg timestamp="20201020 23:48:50.711" level="INFO">Page title is 'My Store'.</msg>
<status status="PASS" starttime="20201020 23:48:50.653" endtime="20201020 23:48:50.711"></status>
</kw>
<status status="PASS" starttime="20201020 23:48:48.891" endtime="20201020 23:48:50.711"></status>
</kw>
<kw name="Clicar no ícone carrinho de compras no menu superior direito" library="Resource">
<kw name="Click Element" library="SeleniumLibrary">
<doc>Click the element identified by ``locator``.</doc>
<arguments>
<arg>css:#header &gt; div:nth-child(3) &gt; div &gt; div &gt; div:nth-child(3) &gt; div &gt; a</arg>
</arguments>
<msg timestamp="20201020 23:48:50.713" level="INFO">Clicking element 'css:#header &gt; div:nth-child(3) &gt; div &gt; div &gt; div:nth-child(3) &gt; div &gt; a'.</msg>
<status status="PASS" starttime="20201020 23:48:50.713" endtime="20201020 23:48:52.054"></status>
</kw>
<status status="PASS" starttime="20201020 23:48:50.712" endtime="20201020 23:48:52.055"></status>
</kw>
<kw name="A tela do carrinho de compras deve ser exibido" library="Resource">
<kw name="Wait Until Element Is Visible" library="SeleniumLibrary">
<doc>Waits until the element ``locator`` is visible.</doc>
<arguments>
<arg>css:#page &gt; div.columns-container</arg>
</arguments>
<status status="PASS" starttime="20201020 23:48:52.056" endtime="20201020 23:48:52.092"></status>
</kw>
<status status="PASS" starttime="20201020 23:48:52.055" endtime="20201020 23:48:52.092"></status>
</kw>
<kw name="Clicar no botão de remoção de produto do carrinho" library="Resource">
<kw name="Mouse Over" library="SeleniumLibrary">
<doc>Simulates hovering the mouse over the element ``locator``.</doc>
<arguments>
<arg>Xpath://*[@id="header"]/div[3]/div/div/div[3]/div/a/b</arg>
</arguments>
<msg timestamp="20201020 23:48:52.093" level="INFO">Simulating Mouse Over on element 'Xpath://*[@id="header"]/div[3]/div/div/div[3]/div/a/b'.</msg>
<status status="PASS" starttime="20201020 23:48:52.093" endtime="20201020 23:48:52.383"></status>
</kw>
<kw name="Click Element" library="SeleniumLibrary">
<doc>Click the element identified by ``locator``.</doc>
<arguments>
<arg>Xpath://*[@id="header"]/div[3]/div/div/div[3]/div/div/div/div/dl/dt/span/a</arg>
</arguments>
<msg timestamp="20201020 23:48:52.383" level="INFO">Clicking element 'Xpath://*[@id="header"]/div[3]/div/div/div[3]/div/div/div/div/dl/dt/span/a'.</msg>
<status status="PASS" starttime="20201020 23:48:52.383" endtime="20201020 23:48:52.540"></status>
</kw>
<status status="PASS" starttime="20201020 23:48:52.092" endtime="20201020 23:48:52.540"></status>
</kw>
<kw name="O sistema deve exibir a mensagem &quot;Your shopping cart is empty.&quot;" library="Resource">
<kw name="Element Text Should Not Be" library="SeleniumLibrary">
<doc>Verifies that element ``locator`` does not contain exact the text ``not_expected``.</doc>
<arguments>
<arg>css:#center_column &gt; p</arg>
<arg>${CART_MSN}</arg>
</arguments>
<msg timestamp="20201020 23:48:52.543" level="INFO">Verifying element 'css:#center_column &gt; p' does not contain exact text 'Your shopping cart is empty.'.</msg>
<status status="PASS" starttime="20201020 23:48:52.542" endtime="20201020 23:48:52.594"></status>
</kw>
<status status="PASS" starttime="20201020 23:48:52.541" endtime="20201020 23:48:52.594"></status>
</kw>
<status status="PASS" starttime="20201020 23:48:30.004" endtime="20201020 23:48:52.595" critical="yes"></status>
</test>
<status status="PASS" starttime="20201020 23:48:29.525" endtime="20201020 23:48:52.597"></status>
</suite>
<statistics>
<total>
<stat pass="1" fail="0">Critical Tests</stat>
<stat pass="1" fail="0">All Tests</stat>
</total>
<tag>
</tag>
<suite>
<stat pass="1" fail="0" id="s1" name="TestSitePractice">TestSitePractice</stat>
</suite>
</statistics>
<errors>
</errors>
</robot>
