<?xml version="1.0" encoding="UTF-8"?>
<robot generator="Robot 3.2.2 (Python 3.8.5 on linux)" generated="20201020 01:39:37.473" rpa="false">
<suite id="s1" name="TestSitePractice" source="/home/dandybarbosa/wwwwwwwwwww/testrobot/testeqa-site-ecommerce/TestSiteSuitePractice/tests/TestSitePractice.robot">
<test id="s1-t1" name="Caso de Teste 01 - Pesquisar produto existente">
<kw name="Abrir navegador" library="Resource" type="setup">
<kw name="Open Browser" library="SeleniumLibrary">
<doc>Opens a new browser instance to the optional ``url``.</doc>
<arguments>
<arg>about:blank</arg>
<arg>${BROWSER}</arg>
</arguments>
<msg timestamp="20201020 01:39:37.720" level="INFO">Opening browser 'chrome' to base url 'about:blank'.</msg>
<status status="PASS" starttime="20201020 01:39:37.720" endtime="20201020 01:39:38.374"></status>
</kw>
<status status="PASS" starttime="20201020 01:39:37.719" endtime="20201020 01:39:38.375"></status>
</kw>
<kw name="Acessar a página home do site" library="Resource">
<kw name="Go To" library="SeleniumLibrary">
<doc>Navigates the current browser window to the provided ``url``.</doc>
<arguments>
<arg>${URL}</arg>
</arguments>
<msg timestamp="20201020 01:39:38.378" level="INFO">Opening url 'http://automationpractice.com/'</msg>
<status status="PASS" starttime="20201020 01:39:38.377" endtime="20201020 01:39:43.024"></status>
</kw>
<kw name="Title Should Be" library="SeleniumLibrary">
<doc>Verifies that the current page title equals ``title``.</doc>
<arguments>
<arg>My Store</arg>
</arguments>
<msg timestamp="20201020 01:39:43.034" level="INFO">Page title is 'My Store'.</msg>
<status status="PASS" starttime="20201020 01:39:43.024" endtime="20201020 01:39:43.035"></status>
</kw>
<status status="PASS" starttime="20201020 01:39:38.376" endtime="20201020 01:39:43.035"></status>
</kw>
<kw name="Digitar o nome de produto &quot;Blouse&quot; no campo de pesquisa" library="Resource">
<kw name="Input Text" library="SeleniumLibrary">
<doc>Types the given ``text`` into the text field identified by ``locator``.</doc>
<arguments>
<arg>css:#search_query_top</arg>
<arg>${PRODUTO}</arg>
</arguments>
<msg timestamp="20201020 01:39:43.039" level="INFO">Typing text 'Blouse' into text field 'css:#search_query_top'.</msg>
<status status="PASS" starttime="20201020 01:39:43.038" endtime="20201020 01:39:43.268"></status>
</kw>
<status status="PASS" starttime="20201020 01:39:43.036" endtime="20201020 01:39:43.269"></status>
</kw>
<kw name="Clicar no botão pesquisar" library="Resource">
<kw name="Click Element" library="SeleniumLibrary">
<doc>Click the element identified by ``locator``.</doc>
<arguments>
<arg>css:#searchbox &gt; button</arg>
</arguments>
<msg timestamp="20201020 01:39:43.272" level="INFO">Clicking element 'css:#searchbox &gt; button'.</msg>
<status status="PASS" starttime="20201020 01:39:43.271" endtime="20201020 01:39:44.440"></status>
</kw>
<status status="PASS" starttime="20201020 01:39:43.269" endtime="20201020 01:39:44.441"></status>
</kw>
<kw name="Conferir se o produto &quot;Blouse&quot; foi listado no site" library="Resource">
<kw name="Wait Until Element Is Visible" library="SeleniumLibrary">
<doc>Waits until the element ``locator`` is visible.</doc>
<arguments>
<arg>css:#columns</arg>
</arguments>
<status status="PASS" starttime="20201020 01:39:44.442" endtime="20201020 01:39:44.497"></status>
</kw>
<kw name="Page Should Contain Image" library="SeleniumLibrary">
<doc>Verifies image identified by ``locator`` is found from current page.</doc>
<arguments>
<arg>css:a.product_img_link &gt; img</arg>
</arguments>
<msg timestamp="20201020 01:39:44.529" level="INFO">Current page contains image 'css:a.product_img_link &gt; img'.</msg>
<status status="PASS" starttime="20201020 01:39:44.497" endtime="20201020 01:39:44.530"></status>
</kw>
<kw name="Page Should Contain Link" library="SeleniumLibrary">
<doc>Verifies link identified by ``locator`` is found from current page.</doc>
<arguments>
<arg>css:.right-block &gt; h5 &gt; a</arg>
</arguments>
<msg timestamp="20201020 01:39:44.565" level="INFO">Current page contains link 'css:.right-block &gt; h5 &gt; a'.</msg>
<status status="PASS" starttime="20201020 01:39:44.530" endtime="20201020 01:39:44.565"></status>
</kw>
<status status="PASS" starttime="20201020 01:39:44.441" endtime="20201020 01:39:44.566"></status>
</kw>
<kw name="Fechar navegador" library="Resource" type="teardown">
<kw name="Close Browser" library="SeleniumLibrary">
<doc>Closes the current browser.</doc>
<status status="PASS" starttime="20201020 01:39:44.567" endtime="20201020 01:39:44.635"></status>
</kw>
<status status="PASS" starttime="20201020 01:39:44.566" endtime="20201020 01:39:44.635"></status>
</kw>
<status status="PASS" starttime="20201020 01:39:37.718" endtime="20201020 01:39:44.636" critical="yes"></status>
</test>
<status status="PASS" starttime="20201020 01:39:37.474" endtime="20201020 01:39:44.638"></status>
</suite>
<statistics>
<total>
<stat pass="1" fail="0">Critical Tests</stat>
<stat pass="1" fail="0">All Tests</stat>
</total>
<tag>
</tag>
<suite>
<stat pass="1" fail="0" id="s1" name="TestSitePractice">TestSitePractice</stat>
</suite>
</statistics>
<errors>
</errors>
</robot>
