<?xml version="1.0" encoding="UTF-8"?>
<robot generator="Robot 3.2.2 (Python 3.8.5 on linux)" generated="20201020 02:33:49.867" rpa="false">
<suite id="s1" name="TestSitePractice" source="/home/dandybarbosa/xxxxxxx/testrobot/teste-qa-ecommerce/TestSiteSuitePractice/tests/TestSitePractice.robot">
<test id="s1-t1" name="Caso de Teste 01 - Pesquisar produto existente">
<kw name="Abrir navegador" library="Resource" type="setup">
<kw name="Open Browser" library="SeleniumLibrary">
<doc>Opens a new browser instance to the optional ``url``.</doc>
<arguments>
<arg>about:blank</arg>
<arg>${BROWSER}</arg>
</arguments>
<msg timestamp="20201020 02:33:50.107" level="INFO">Opening browser 'chrome' to base url 'about:blank'.</msg>
<status status="PASS" starttime="20201020 02:33:50.106" endtime="20201020 02:33:51.681"></status>
</kw>
<status status="PASS" starttime="20201020 02:33:50.105" endtime="20201020 02:33:51.681"></status>
</kw>
<kw name="Acessar a página home do site" library="Resource">
<kw name="Go To" library="SeleniumLibrary">
<doc>Navigates the current browser window to the provided ``url``.</doc>
<arguments>
<arg>${URL}</arg>
</arguments>
<msg timestamp="20201020 02:33:51.683" level="INFO">Opening url 'http://automationpractice.com/'</msg>
<status status="PASS" starttime="20201020 02:33:51.683" endtime="20201020 02:33:56.148"></status>
</kw>
<kw name="Title Should Be" library="SeleniumLibrary">
<doc>Verifies that the current page title equals ``title``.</doc>
<arguments>
<arg>My Store</arg>
</arguments>
<msg timestamp="20201020 02:33:56.156" level="INFO">Page title is 'My Store'.</msg>
<status status="PASS" starttime="20201020 02:33:56.149" endtime="20201020 02:33:56.157"></status>
</kw>
<status status="PASS" starttime="20201020 02:33:51.682" endtime="20201020 02:33:56.158"></status>
</kw>
<kw name="Digitar o nome de produto &quot;Blouse&quot; no campo de pesquisa" library="Resource">
<kw name="Input Text" library="SeleniumLibrary">
<doc>Types the given ``text`` into the text field identified by ``locator``.</doc>
<arguments>
<arg>css:#search_query_top</arg>
<arg>${PRODUTO}</arg>
</arguments>
<msg timestamp="20201020 02:33:56.161" level="INFO">Typing text 'Blouse' into text field 'css:#search_query_top'.</msg>
<status status="PASS" starttime="20201020 02:33:56.161" endtime="20201020 02:33:56.404"></status>
</kw>
<status status="PASS" starttime="20201020 02:33:56.159" endtime="20201020 02:33:56.405"></status>
</kw>
<kw name="Clicar no botão pesquisar" library="Resource">
<kw name="Click Element" library="SeleniumLibrary">
<doc>Click the element identified by ``locator``.</doc>
<arguments>
<arg>css:#searchbox &gt; button</arg>
</arguments>
<msg timestamp="20201020 02:33:56.406" level="INFO">Clicking element 'css:#searchbox &gt; button'.</msg>
<status status="PASS" starttime="20201020 02:33:56.406" endtime="20201020 02:33:57.582"></status>
</kw>
<status status="PASS" starttime="20201020 02:33:56.405" endtime="20201020 02:33:57.582"></status>
</kw>
<kw name="Conferir se o produto &quot;Blouse&quot; foi listado no site" library="Resource">
<kw name="Wait Until Element Is Visible" library="SeleniumLibrary">
<doc>Waits until the element ``locator`` is visible.</doc>
<arguments>
<arg>css:#columns</arg>
</arguments>
<status status="PASS" starttime="20201020 02:33:57.584" endtime="20201020 02:33:57.635"></status>
</kw>
<kw name="Page Should Contain Image" library="SeleniumLibrary">
<doc>Verifies image identified by ``locator`` is found from current page.</doc>
<arguments>
<arg>css:a.product_img_link &gt; img</arg>
</arguments>
<msg timestamp="20201020 02:33:57.663" level="INFO">Current page contains image 'css:a.product_img_link &gt; img'.</msg>
<status status="PASS" starttime="20201020 02:33:57.635" endtime="20201020 02:33:57.664"></status>
</kw>
<kw name="Page Should Contain Link" library="SeleniumLibrary">
<doc>Verifies link identified by ``locator`` is found from current page.</doc>
<arguments>
<arg>css:.right-block &gt; h5 &gt; a</arg>
</arguments>
<msg timestamp="20201020 02:33:57.700" level="INFO">Current page contains link 'css:.right-block &gt; h5 &gt; a'.</msg>
<status status="PASS" starttime="20201020 02:33:57.664" endtime="20201020 02:33:57.701"></status>
</kw>
<status status="PASS" starttime="20201020 02:33:57.583" endtime="20201020 02:33:57.702"></status>
</kw>
<kw name="Fechar navegador" library="Resource" type="teardown">
<kw name="Close Browser" library="SeleniumLibrary">
<doc>Closes the current browser.</doc>
<status status="PASS" starttime="20201020 02:33:57.703" endtime="20201020 02:33:57.768"></status>
</kw>
<status status="PASS" starttime="20201020 02:33:57.702" endtime="20201020 02:33:57.769"></status>
</kw>
<status status="PASS" starttime="20201020 02:33:50.104" endtime="20201020 02:33:57.769" critical="yes"></status>
</test>
<test id="s1-t2" name="Caso de Teste 02 - Pesquisar produto inexistente">
<kw name="Abrir navegador" library="Resource" type="setup">
<kw name="Open Browser" library="SeleniumLibrary">
<doc>Opens a new browser instance to the optional ``url``.</doc>
<arguments>
<arg>about:blank</arg>
<arg>${BROWSER}</arg>
</arguments>
<msg timestamp="20201020 02:33:57.774" level="INFO">Opening browser 'chrome' to base url 'about:blank'.</msg>
<status status="PASS" starttime="20201020 02:33:57.773" endtime="20201020 02:33:59.329"></status>
</kw>
<status status="PASS" starttime="20201020 02:33:57.773" endtime="20201020 02:33:59.330"></status>
</kw>
<kw name="Acessar a página home do site" library="Resource">
<kw name="Go To" library="SeleniumLibrary">
<doc>Navigates the current browser window to the provided ``url``.</doc>
<arguments>
<arg>${URL}</arg>
</arguments>
<msg timestamp="20201020 02:33:59.333" level="INFO">Opening url 'http://automationpractice.com/'</msg>
<status status="PASS" starttime="20201020 02:33:59.332" endtime="20201020 02:34:05.725"></status>
</kw>
<kw name="Title Should Be" library="SeleniumLibrary">
<doc>Verifies that the current page title equals ``title``.</doc>
<arguments>
<arg>My Store</arg>
</arguments>
<msg timestamp="20201020 02:34:05.732" level="INFO">Page title is 'My Store'.</msg>
<status status="PASS" starttime="20201020 02:34:05.725" endtime="20201020 02:34:05.732"></status>
</kw>
<status status="PASS" starttime="20201020 02:33:59.331" endtime="20201020 02:34:05.733"></status>
</kw>
<kw name="Digitar o nome de produto &quot;produtoNãoExistente&quot; no campo de pesquisa" library="Resource">
<kw name="Input Text" library="SeleniumLibrary">
<doc>Types the given ``text`` into the text field identified by ``locator``.</doc>
<arguments>
<arg>css:#search_query_top</arg>
<arg>${PRODUTO}</arg>
</arguments>
<msg timestamp="20201020 02:34:05.734" level="INFO">Typing text 'produtoNãoExistente' into text field 'css:#search_query_top'.</msg>
<status status="PASS" starttime="20201020 02:34:05.734" endtime="20201020 02:34:06.003"></status>
</kw>
<status status="PASS" starttime="20201020 02:34:05.733" endtime="20201020 02:34:06.004"></status>
</kw>
<kw name="Clicar no botão pesquisar" library="Resource">
<kw name="Click Element" library="SeleniumLibrary">
<doc>Click the element identified by ``locator``.</doc>
<arguments>
<arg>css:#searchbox &gt; button</arg>
</arguments>
<msg timestamp="20201020 02:34:06.008" level="INFO">Clicking element 'css:#searchbox &gt; button'.</msg>
<status status="PASS" starttime="20201020 02:34:06.007" endtime="20201020 02:34:07.391"></status>
</kw>
<status status="PASS" starttime="20201020 02:34:06.006" endtime="20201020 02:34:07.391"></status>
</kw>
<kw name="Conferir mensagem de erro &quot;No results were found for your search &quot;produtoNãoExistente&quot;&quot;" library="Resource">
<kw name="Wait Until Element Is Visible" library="SeleniumLibrary">
<doc>Waits until the element ``locator`` is visible.</doc>
<arguments>
<arg>css:#center_column &gt; p</arg>
</arguments>
<status status="PASS" starttime="20201020 02:34:07.392" endtime="20201020 02:34:07.450"></status>
</kw>
<kw name="Element Text Should Be" library="SeleniumLibrary">
<doc>Verifies that element ``locator`` contains exact the text ``expected``.</doc>
<arguments>
<arg>css:#center_column &gt; p</arg>
<arg>${MENSAGEMALERTA}</arg>
</arguments>
<msg timestamp="20201020 02:34:07.451" level="INFO">Verifying element 'css:#center_column &gt; p' contains exact text 'No results were found for your search "produtoNãoExistente"'.</msg>
<status status="PASS" starttime="20201020 02:34:07.450" endtime="20201020 02:34:07.488"></status>
</kw>
<status status="PASS" starttime="20201020 02:34:07.392" endtime="20201020 02:34:07.489"></status>
</kw>
<kw name="Fechar navegador" library="Resource" type="teardown">
<kw name="Close Browser" library="SeleniumLibrary">
<doc>Closes the current browser.</doc>
<status status="PASS" starttime="20201020 02:34:07.490" endtime="20201020 02:34:07.558"></status>
</kw>
<status status="PASS" starttime="20201020 02:34:07.489" endtime="20201020 02:34:07.558"></status>
</kw>
<status status="PASS" starttime="20201020 02:33:57.772" endtime="20201020 02:34:07.558" critical="yes"></status>
</test>
<status status="PASS" starttime="20201020 02:33:49.869" endtime="20201020 02:34:07.561"></status>
</suite>
<statistics>
<total>
<stat pass="2" fail="0">Critical Tests</stat>
<stat pass="2" fail="0">All Tests</stat>
</total>
<tag>
</tag>
<suite>
<stat pass="2" fail="0" id="s1" name="TestSitePractice">TestSitePractice</stat>
</suite>
</statistics>
<errors>
</errors>
</robot>
