<?xml version="1.0" encoding="UTF-8"?>
<robot generator="Robot 3.2.2 (Python 3.8.5 on linux)" generated="20201020 02:09:29.391" rpa="false">
<suite id="s1" name="TestSitePractice" source="/home/dandybarbosa/xxxxxxx/testrobot/teste-qa-ecommerce/TestSiteSuitePractice/tests/TestSitePractice.robot">
<test id="s1-t1" name="Caso de Teste 01 - Pesquisar produto existente">
<kw name="Abrir navegador" library="Resource" type="setup">
<kw name="Open Browser" library="SeleniumLibrary">
<doc>Opens a new browser instance to the optional ``url``.</doc>
<arguments>
<arg>about:blank</arg>
<arg>${BROWSER}</arg>
</arguments>
<msg timestamp="20201020 02:09:29.730" level="INFO">Opening browser 'chrome' to base url 'about:blank'.</msg>
<status status="PASS" starttime="20201020 02:09:29.730" endtime="20201020 02:09:31.359"></status>
</kw>
<status status="PASS" starttime="20201020 02:09:29.729" endtime="20201020 02:09:31.360"></status>
</kw>
<kw name="Acessar a página home do site" library="Resource">
<kw name="Go To" library="SeleniumLibrary">
<doc>Navigates the current browser window to the provided ``url``.</doc>
<arguments>
<arg>${URL}</arg>
</arguments>
<msg timestamp="20201020 02:09:31.364" level="INFO">Opening url 'http://automationpractice.com/'</msg>
<status status="PASS" starttime="20201020 02:09:31.363" endtime="20201020 02:09:38.288"></status>
</kw>
<kw name="Title Should Be" library="SeleniumLibrary">
<doc>Verifies that the current page title equals ``title``.</doc>
<arguments>
<arg>My Store</arg>
</arguments>
<msg timestamp="20201020 02:09:38.297" level="INFO">Page title is 'My Store'.</msg>
<status status="PASS" starttime="20201020 02:09:38.288" endtime="20201020 02:09:38.298"></status>
</kw>
<status status="PASS" starttime="20201020 02:09:31.361" endtime="20201020 02:09:38.298"></status>
</kw>
<kw name="Digitar o nome de produto &quot;Blouse&quot; no campo de pesquisa" library="Resource">
<kw name="Input Text" library="SeleniumLibrary">
<doc>Types the given ``text`` into the text field identified by ``locator``.</doc>
<arguments>
<arg>css:#search_query_top</arg>
<arg>${PRODUTO}</arg>
</arguments>
<msg timestamp="20201020 02:09:38.299" level="INFO">Typing text 'Blouse' into text field 'css:#search_query_top'.</msg>
<status status="PASS" starttime="20201020 02:09:38.299" endtime="20201020 02:09:38.526"></status>
</kw>
<status status="PASS" starttime="20201020 02:09:38.298" endtime="20201020 02:09:38.527"></status>
</kw>
<kw name="Clicar no botão pesquisar" library="Resource">
<kw name="Click Element" library="SeleniumLibrary">
<doc>Click the element identified by ``locator``.</doc>
<arguments>
<arg>css:#searchbox &gt; button</arg>
</arguments>
<msg timestamp="20201020 02:09:38.530" level="INFO">Clicking element 'css:#searchbox &gt; button'.</msg>
<status status="PASS" starttime="20201020 02:09:38.529" endtime="20201020 02:09:40.250"></status>
</kw>
<status status="PASS" starttime="20201020 02:09:38.528" endtime="20201020 02:09:40.250"></status>
</kw>
<kw name="Conferir se o produto &quot;Blouse&quot; foi listado no site" library="Resource">
<kw name="Wait Until Element Is Visible" library="SeleniumLibrary">
<doc>Waits until the element ``locator`` is visible.</doc>
<arguments>
<arg>css:#columns</arg>
</arguments>
<status status="PASS" starttime="20201020 02:09:40.252" endtime="20201020 02:09:40.301"></status>
</kw>
<kw name="Page Should Contain Image" library="SeleniumLibrary">
<doc>Verifies image identified by ``locator`` is found from current page.</doc>
<arguments>
<arg>css:a.product_img_link &gt; img</arg>
</arguments>
<msg timestamp="20201020 02:09:40.323" level="INFO">Current page contains image 'css:a.product_img_link &gt; img'.</msg>
<status status="PASS" starttime="20201020 02:09:40.302" endtime="20201020 02:09:40.323"></status>
</kw>
<kw name="Page Should Contain Link" library="SeleniumLibrary">
<doc>Verifies link identified by ``locator`` is found from current page.</doc>
<arguments>
<arg>css:.right-block &gt; h5 &gt; a</arg>
</arguments>
<msg timestamp="20201020 02:09:40.351" level="INFO">Current page contains link 'css:.right-block &gt; h5 &gt; a'.</msg>
<status status="PASS" starttime="20201020 02:09:40.324" endtime="20201020 02:09:40.351"></status>
</kw>
<status status="PASS" starttime="20201020 02:09:40.251" endtime="20201020 02:09:40.352"></status>
</kw>
<kw name="Fechar navegador" library="Resource" type="teardown">
<kw name="Close Browser" library="SeleniumLibrary">
<doc>Closes the current browser.</doc>
<status status="PASS" starttime="20201020 02:09:40.354" endtime="20201020 02:09:40.430"></status>
</kw>
<status status="PASS" starttime="20201020 02:09:40.353" endtime="20201020 02:09:40.431"></status>
</kw>
<status status="PASS" starttime="20201020 02:09:29.728" endtime="20201020 02:09:40.431" critical="yes"></status>
</test>
<test id="s1-t2" name="Caso de Teste 02 - Pesquisar produto inexistente">
<kw name="Abrir navegador" library="Resource" type="setup">
<kw name="Open Browser" library="SeleniumLibrary">
<doc>Opens a new browser instance to the optional ``url``.</doc>
<arguments>
<arg>about:blank</arg>
<arg>${BROWSER}</arg>
</arguments>
<msg timestamp="20201020 02:09:40.437" level="INFO">Opening browser 'chrome' to base url 'about:blank'.</msg>
<status status="PASS" starttime="20201020 02:09:40.437" endtime="20201020 02:09:42.006"></status>
</kw>
<status status="PASS" starttime="20201020 02:09:40.436" endtime="20201020 02:09:42.007"></status>
</kw>
<kw name="Acessar a página home do site" library="Resource">
<kw name="Go To" library="SeleniumLibrary">
<doc>Navigates the current browser window to the provided ``url``.</doc>
<arguments>
<arg>${URL}</arg>
</arguments>
<msg timestamp="20201020 02:09:42.009" level="INFO">Opening url 'http://automationpractice.com/'</msg>
<status status="PASS" starttime="20201020 02:09:42.009" endtime="20201020 02:09:47.180"></status>
</kw>
<kw name="Title Should Be" library="SeleniumLibrary">
<doc>Verifies that the current page title equals ``title``.</doc>
<arguments>
<arg>My Store</arg>
</arguments>
<msg timestamp="20201020 02:09:47.190" level="INFO">Page title is 'My Store'.</msg>
<status status="PASS" starttime="20201020 02:09:47.181" endtime="20201020 02:09:47.190"></status>
</kw>
<status status="PASS" starttime="20201020 02:09:42.007" endtime="20201020 02:09:47.191"></status>
</kw>
<kw name="Digitar o nome de produto &quot;produtoNãoExistente&quot; no campo de pesquisa" library="Resource">
<kw name="Input Text" library="SeleniumLibrary">
<doc>Types the given ``text`` into the text field identified by ``locator``.</doc>
<arguments>
<arg>css:#search_query_top</arg>
<arg>${PRODUTO}</arg>
</arguments>
<msg timestamp="20201020 02:09:47.192" level="INFO">Typing text 'produtoNãoExistente' into text field 'css:#search_query_top'.</msg>
<status status="PASS" starttime="20201020 02:09:47.192" endtime="20201020 02:09:47.463"></status>
</kw>
<status status="PASS" starttime="20201020 02:09:47.191" endtime="20201020 02:09:47.463"></status>
</kw>
<kw name="Clicar no botão pesquisar" library="Resource">
<kw name="Click Element" library="SeleniumLibrary">
<doc>Click the element identified by ``locator``.</doc>
<arguments>
<arg>css:#searchbox &gt; button</arg>
</arguments>
<msg timestamp="20201020 02:09:47.467" level="INFO">Clicking element 'css:#searchbox &gt; button'.</msg>
<status status="PASS" starttime="20201020 02:09:47.465" endtime="20201020 02:09:48.645"></status>
</kw>
<status status="PASS" starttime="20201020 02:09:47.464" endtime="20201020 02:09:48.645"></status>
</kw>
<kw name="Conferir mensagem de erro &quot;No results were found for your search &quot;produtoNãoExistente&quot;&quot;" library="Resource">
<kw name="Wait Until Element Is Visible" library="SeleniumLibrary">
<doc>Waits until the element ``locator`` is visible.</doc>
<arguments>
<arg>css:#center_column &gt; p</arg>
</arguments>
<status status="PASS" starttime="20201020 02:09:48.647" endtime="20201020 02:09:48.696"></status>
</kw>
<kw name="Element Text Should Be" library="SeleniumLibrary">
<doc>Verifies that element ``locator`` contains exact the text ``expected``.</doc>
<arguments>
<arg>css:#center_column &gt; p</arg>
<arg>${MENSAGEMALERTA}</arg>
</arguments>
<msg timestamp="20201020 02:09:48.698" level="INFO">Verifying element 'css:#center_column &gt; p' contains exact text 'No results were found for your search "produtoNãoExistente"'.</msg>
<status status="PASS" starttime="20201020 02:09:48.697" endtime="20201020 02:09:48.743"></status>
</kw>
<status status="PASS" starttime="20201020 02:09:48.646" endtime="20201020 02:09:48.744"></status>
</kw>
<kw name="Fechar navegador" library="Resource" type="teardown">
<kw name="Close Browser" library="SeleniumLibrary">
<doc>Closes the current browser.</doc>
<status status="PASS" starttime="20201020 02:09:48.745" endtime="20201020 02:09:48.815"></status>
</kw>
<status status="PASS" starttime="20201020 02:09:48.744" endtime="20201020 02:09:48.816"></status>
</kw>
<status status="PASS" starttime="20201020 02:09:40.434" endtime="20201020 02:09:48.816" critical="yes"></status>
</test>
<status status="PASS" starttime="20201020 02:09:29.394" endtime="20201020 02:09:48.818"></status>
</suite>
<statistics>
<total>
<stat pass="2" fail="0">Critical Tests</stat>
<stat pass="2" fail="0">All Tests</stat>
</total>
<tag>
</tag>
<suite>
<stat pass="2" fail="0" id="s1" name="TestSitePractice">TestSitePractice</stat>
</suite>
</statistics>
<errors>
</errors>
</robot>
